#
# There is insufficient memory for the Java Runtime Environment to continue.
# Native memory allocation (malloc) failed to allocate 32744 bytes for ChunkPool::allocate
# Possible reasons:
#   The system is out of physical RAM or swap space
#   In 32 bit mode, the process size limit was hit
# Possible solutions:
#   Reduce memory load on the system
#   Increase physical memory or swap space
#   Check if swap backing store is full
#   Use 64 bit Java on a 64 bit OS
#   Decrease Java heap size (-Xmx/-Xms)
#   Decrease number of Java threads
#   Decrease Java thread stack sizes (-Xss)
#   Set larger code cache with -XX:ReservedCodeCacheSize=
# This output file may be truncated or incomplete.
#
#  Out of Memory Error (allocation.cpp:273), pid=3512, tid=0x0000000000001cd4
#
# JRE version: OpenJDK Runtime Environment (8.0_152-b01) (build 1.8.0_152-release-1248-b01)
# Java VM: OpenJDK 64-Bit Server VM (25.152-b01 mixed mode windows-amd64 compressed oops)
# Failed to write core dump. Minidumps are not enabled by default on client versions of Windows
#

---------------  T H R E A D  ---------------

Current thread (0x0000000016050000):  JavaThread "C2 CompilerThread1" daemon [_thread_in_native, id=7380, stack(0x00000000177d0000,0x00000000178d0000)]

Stack: [0x00000000177d0000,0x00000000178d0000]
[error occurred during error reporting (printing stack bounds), id 0xc0000005]

Native frames: (J=compiled Java code, j=interpreted, Vv=VM code, C=native code)


Current CompileTask:
C2:4210206 13136 %     4       sun.nio.cs.SingleByte$Encoder::encodeArrayLoop @ 88 (236 bytes)


---------------  P R O C E S S  ---------------

Java Threads: ( => current thread )
  0x000000001960e800 JavaThread "ForkJoinPool.commonPool-worker-1" daemon [_thread_blocked, id=2680, stack(0x0000000028310000,0x0000000028410000)]
  0x000000001960e000 JavaThread "Cache worker for Java compile cache (C:\androidProject\Quiz\Menu\.gradle\4.10.1\javaCompile)" [_thread_blocked, id=7332, stack(0x0000000028210000,0x0000000028310000)]
  0x000000001960f800 JavaThread "Cache worker for Java compile cache (C:\Users\Lenovo\.gradle\caches\4.10.1\javaCompile)" [_thread_blocked, id=11188, stack(0x0000000028110000,0x0000000028210000)]
  0x000000001dd40000 JavaThread "stdout" [_thread_in_native, id=11348, stack(0x0000000028010000,0x0000000028110000)]
  0x000000001dd38800 JavaThread "stderr" [_thread_in_native, id=9016, stack(0x0000000027f10000,0x0000000028010000)]
  0x000000001dd39800 JavaThread "pool-5-thread-1" [_thread_blocked, id=9988, stack(0x0000000027e10000,0x0000000027f10000)]
  0x000000001dd3e800 JavaThread "Cache worker for Build Output Cleanup Cache (C:\androidProject\Quiz\Menu\.gradle\buildOutputCleanup)" [_thread_blocked, id=2356, stack(0x0000000027d10000,0x0000000027e10000)]
  0x000000001dd3e000 JavaThread "Cache worker for task history cache (C:\androidProject\Quiz\Menu\.gradle\4.10.1\taskHistory)" [_thread_blocked, id=9172, stack(0x0000000027c10000,0x0000000027d10000)]
  0x000000001dd3a000 JavaThread "Task worker for ':' Thread 3" [_thread_blocked, id=1692, stack(0x0000000027b10000,0x0000000027c10000)]
  0x000000001dd3c800 JavaThread "Task worker for ':' Thread 2" [_thread_blocked, id=11140, stack(0x0000000027a10000,0x0000000027b10000)]
  0x000000001dd3b800 JavaThread "Task worker for ':'" [_thread_blocked, id=10308, stack(0x0000000027910000,0x0000000027a10000)]
  0x000000001dd3f800 JavaThread "Cache worker for file content cache (C:\androidProject\Quiz\Menu\.gradle\4.10.1\fileContent)" [_thread_blocked, id=7564, stack(0x0000000027810000,0x0000000027910000)]
  0x000000001dd3b000 JavaThread "Build operations Thread 4" [_thread_blocked, id=11556, stack(0x0000000027710000,0x0000000027810000)]
  0x000000001dd3d000 JavaThread "Build operations Thread 3" [_thread_blocked, id=2396, stack(0x0000000027610000,0x0000000027710000)]
  0x000000001dd31000 JavaThread "Build operations Thread 2" [_thread_blocked, id=7648, stack(0x0000000027510000,0x0000000027610000)]
  0x000000001dd38000 JavaThread "Build operations" [_thread_blocked, id=11432, stack(0x0000000027410000,0x0000000027510000)]
  0x000000001dd35000 JavaThread "Cache worker for cache directory md-rule (C:\Users\Lenovo\.gradle\caches\4.10.1\md-rule)" [_thread_blocked, id=5588, stack(0x0000000027310000,0x0000000027410000)]
  0x000000001dd36800 JavaThread "Cache worker for cache directory md-supplier (C:\Users\Lenovo\.gradle\caches\4.10.1\md-supplier)" [_thread_blocked, id=12724, stack(0x0000000027210000,0x0000000027310000)]
  0x000000001dd32800 JavaThread "Cache worker for file hash cache (C:\androidProject\Quiz\Menu\.gradle\4.10.1\fileHashes)" [_thread_in_native, id=3216, stack(0x0000000027110000,0x0000000027210000)]
  0x000000001dd32000 JavaThread "Stdin handler" [_thread_blocked, id=7908, stack(0x0000000027010000,0x0000000027110000)]
  0x000000001dd37000 JavaThread "Asynchronous log dispatcher for DefaultDaemonConnection: socket connection from /127.0.0.1:6122 to /127.0.0.1:6495" [_thread_blocked, id=6376, stack(0x0000000026f10000,0x0000000027010000)]
  0x000000001dd34000 JavaThread "Cancel handler" [_thread_blocked, id=448, stack(0x0000000026e10000,0x0000000026f10000)]
  0x000000001dd35800 JavaThread "Handler for socket connection from /127.0.0.1:6122 to /127.0.0.1:6495" [_thread_in_native, id=5124, stack(0x0000000026d10000,0x0000000026e10000)]
  0x0000000019611800 JavaThread "Cache worker for file content cache (C:\Users\Lenovo\.gradle\caches\4.10.1\fileContent)" [_thread_blocked, id=468, stack(0x0000000025d10000,0x0000000025e10000)]
  0x000000001960b800 JavaThread "Daemon worker Thread 3" [_thread_blocked, id=12608, stack(0x0000000025310000,0x0000000025410000)]
  0x000000001a8fb000 JavaThread "Daemon Thread 3" [_thread_blocked, id=11212, stack(0x0000000025010000,0x0000000025110000)]
  0x0000000019608800 JavaThread "pool-1-thread-1" [_thread_blocked, id=11056, stack(0x0000000021e10000,0x0000000021f10000)]
  0x000000001960b000 JavaThread "Memory manager" [_thread_blocked, id=10348, stack(0x0000000020c40000,0x0000000020d40000)]
  0x000000001a8f8000 JavaThread "Cache worker for Artifact transforms cache (C:\Users\Lenovo\.gradle\caches\transforms-1)" [_thread_blocked, id=852, stack(0x000000001f8e0000,0x000000001f9e0000)]
  0x000000001a8f7000 JavaThread "Cache worker for journal cache (C:\Users\Lenovo\.gradle\caches\journal-1)" [_thread_blocked, id=8212, stack(0x000000001ccd0000,0x000000001cdd0000)]
  0x0000000019415800 JavaThread "File lock request listener" [_thread_in_native, id=7892, stack(0x000000001bb00000,0x000000001bc00000)]
  0x000000001911d000 JavaThread "Cache worker for file hash cache (C:\Users\Lenovo\.gradle\caches\4.10.1\fileHashes)" [_thread_blocked, id=10860, stack(0x000000001ba00000,0x000000001bb00000)]
  0x0000000018ce2800 JavaThread "Daemon periodic checks" [_thread_blocked, id=1284, stack(0x0000000019f30000,0x000000001a030000)]
  0x0000000018ce1000 JavaThread "Incoming local TCP Connector on port 6122" [_thread_in_native, id=5184, stack(0x0000000019ce0000,0x0000000019de0000)]
  0x00000000179f8800 JavaThread "Service Thread" daemon [_thread_blocked, id=7760, stack(0x0000000017dd0000,0x0000000017ed0000)]
  0x0000000016054000 JavaThread "C1 CompilerThread2" daemon [_thread_blocked, id=12636, stack(0x00000000178d0000,0x00000000179d0000)]
=>0x0000000016050000 JavaThread "C2 CompilerThread1" daemon [_thread_in_native, id=7380, stack(0x00000000177d0000,0x00000000178d0000)]
  0x000000001604b800 JavaThread "C2 CompilerThread0" daemon [_thread_blocked, id=5580, stack(0x00000000176d0000,0x00000000177d0000)]
  0x000000001604a000 JavaThread "Attach Listener" daemon [_thread_blocked, id=11620, stack(0x00000000175d0000,0x00000000176d0000)]
  0x0000000016058800 JavaThread "Signal Dispatcher" daemon [_thread_blocked, id=13280, stack(0x00000000174d0000,0x00000000175d0000)]
  0x00000000026dc000 JavaThread "Finalizer" daemon [_thread_blocked, id=9820, stack(0x00000000172d0000,0x00000000173d0000)]
  0x00000000026d1000 JavaThread "Reference Handler" daemon [_thread_blocked, id=10128, stack(0x00000000171d0000,0x00000000172d0000)]
  0x00000000025de000 JavaThread "main" [_thread_blocked, id=1620, stack(0x0000000002400000,0x0000000002500000)]

Other Threads:
  0x0000000016016800 VMThread [stack: 0x00000000170d0000,0x00000000171d0000] [id=768]
  0x00000000179fc000 WatcherThread [stack: 0x0000000017ed0000,0x0000000017fd0000] [id=9368]

VM state:not at safepoint (normal execution)

VM Mutex/Monitor currently owned by a thread: None

Heap:
 PSYoungGen      total 162816K, used 155471K [0x00000000e0000000, 0x00000000ec080000, 0x0000000100000000)
  eden space 159232K, 95% used [0x00000000e0000000,0x00000000e945bfd0,0x00000000e9b80000)
  from space 3584K, 99% used [0x00000000ebd00000,0x00000000ec078010,0x00000000ec080000)
  to   space 14848K, 0% used [0x00000000eae80000,0x00000000eae80000,0x00000000ebd00000)
 ParOldGen       total 110592K, used 41013K [0x00000000a0000000, 0x00000000a6c00000, 0x00000000e0000000)
  object space 110592K, 37% used [0x00000000a0000000,0x00000000a280d438,0x00000000a6c00000)
 Metaspace       used 75969K, capacity 78542K, committed 78720K, reserved 1118208K
  class space    used 9847K, capacity 10511K, committed 10624K, reserved 1048576K

Card table byte_map: [0x0000000011aa0000,0x0000000011db0000] byte_map_base: 0x00000000115a0000

Marking Bits: (ParMarkBitMap*) 0x0000000053e55aa0
 Begin Bits: [0x00000000123b0000, 0x0000000013bb0000)
 End Bits:   [0x0000000013bb0000, 0x00000000153b0000)

Polling page: 0x0000000000770000

CodeCache: size=245760Kb used=36748Kb max_used=37219Kb free=209011Kb
 bounds [0x00000000026e0000, 0x0000000004b70000, 0x00000000116e0000]
 total_blobs=12144 nmethods=11313 adapters=743
 compilation: enabled

Compilation events (10 events):
Event: 4208.445 Thread 0x0000000016054000 13134       3       com.google.gson.internal.bind.ReflectiveTypeAdapterFactory::excludeField (27 bytes)
Event: 4208.445 Thread 0x0000000016054000 nmethod 13134 0x0000000003589e50 code [0x0000000003589fc0, 0x000000000358a3b8]
Event: 4208.445 Thread 0x0000000016054000 13135       3       java.lang.Class::getDeclaredConstructor (16 bytes)
Event: 4208.446 Thread 0x0000000016054000 nmethod 13135 0x0000000002af8910 code [0x0000000002af8aa0, 0x0000000002af8ca8]
Event: 4208.446 Thread 0x0000000016050000 13136 %     4       sun.nio.cs.SingleByte$Encoder::encodeArrayLoop @ 88 (236 bytes)
Event: 4208.451 Thread 0x0000000016054000 13137   !   3       org.apache.commons.io.IOUtils::closeQuietly (15 bytes)
Event: 4208.452 Thread 0x0000000016054000 nmethod 13137 0x0000000004162690 code [0x0000000004162800, 0x0000000004162a68]
Event: 4208.464 Thread 0x0000000016054000 13138       3       org.gradle.api.internal.file.CompositeFileCollection::visitRootElements (40 bytes)
Event: 4208.465 Thread 0x0000000016054000 nmethod 13138 0x0000000002fc7910 code [0x0000000002fc7ae0, 0x0000000002fc81a8]
Event: 4208.467 Thread 0x0000000016054000 13139       3       sun.nio.fs.WindowsPathParser::normalize (233 bytes)

GC Heap History (10 events):
Event: 23.872 GC heap before
{Heap before GC invocations=17 (full 3):
 PSYoungGen      total 148480K, used 134144K [0x00000000e0000000, 0x00000000ec700000, 0x0000000100000000)
  eden space 134144K, 100% used [0x00000000e0000000,0x00000000e8300000,0x00000000e8300000)
  from space 14336K, 0% used [0x00000000e8300000,0x00000000e8300000,0x00000000e9100000)
  to   space 14336K, 0% used [0x00000000eb900000,0x00000000eb900000,0x00000000ec700000)
 ParOldGen       total 110592K, used 30180K [0x00000000a0000000, 0x00000000a6c00000, 0x00000000e0000000)
  object space 110592K, 27% used [0x00000000a0000000,0x00000000a1d79190,0x00000000a6c00000)
 Metaspace       used 63567K, capacity 65438K, committed 65664K, reserved 1105920K
  class space    used 8493K, capacity 9006K, committed 9088K, reserved 1048576K
Event: 23.885 GC heap after
Heap after GC invocations=17 (full 3):
 PSYoungGen      total 169472K, used 10483K [0x00000000e0000000, 0x00000000ec380000, 0x0000000100000000)
  eden space 158720K, 0% used [0x00000000e0000000,0x00000000e0000000,0x00000000e9b00000)
  from space 10752K, 97% used [0x00000000eb900000,0x00000000ec33cc30,0x00000000ec380000)
  to   space 14848K, 0% used [0x00000000ea680000,0x00000000ea680000,0x00000000eb500000)
 ParOldGen       total 110592K, used 30188K [0x00000000a0000000, 0x00000000a6c00000, 0x00000000e0000000)
  object space 110592K, 27% used [0x00000000a0000000,0x00000000a1d7b190,0x00000000a6c00000)
 Metaspace       used 63567K, capacity 65438K, committed 65664K, reserved 1105920K
  class space    used 8493K, capacity 9006K, committed 9088K, reserved 1048576K
}
Event: 1271.067 GC heap before
{Heap before GC invocations=18 (full 3):
 PSYoungGen      total 169472K, used 169203K [0x00000000e0000000, 0x00000000ec380000, 0x0000000100000000)
  eden space 158720K, 100% used [0x00000000e0000000,0x00000000e9b00000,0x00000000e9b00000)
  from space 10752K, 97% used [0x00000000eb900000,0x00000000ec33cc30,0x00000000ec380000)
  to   space 14848K, 0% used [0x00000000ea680000,0x00000000ea680000,0x00000000eb500000)
 ParOldGen       total 110592K, used 30188K [0x00000000a0000000, 0x00000000a6c00000, 0x00000000e0000000)
  object space 110592K, 27% used [0x00000000a0000000,0x00000000a1d7b190,0x00000000a6c00000)
 Metaspace       used 64762K, capacity 66790K, committed 66944K, reserved 1107968K
  class space    used 8544K, capacity 9051K, committed 9088K, reserved 1048576K
Event: 1271.081 GC heap after
Heap after GC invocations=18 (full 3):
 PSYoungGen      total 185344K, used 7592K [0x00000000e0000000, 0x00000000ece00000, 0x0000000100000000)
  eden space 170496K, 0% used [0x00000000e0000000,0x00000000e0000000,0x00000000ea680000)
  from space 14848K, 51% used [0x00000000ea680000,0x00000000eadea070,0x00000000eb500000)
  to   space 14336K, 0% used [0x00000000ec000000,0x00000000ec000000,0x00000000ece00000)
 ParOldGen       total 110592K, used 30196K [0x00000000a0000000, 0x00000000a6c00000, 0x00000000e0000000)
  object space 110592K, 27% used [0x00000000a0000000,0x00000000a1d7d190,0x00000000a6c00000)
 Metaspace       used 64762K, capacity 66790K, committed 66944K, reserved 1107968K
  class space    used 8544K, capacity 9051K, committed 9088K, reserved 1048576K
}
Event: 4122.014 GC heap before
{Heap before GC invocations=19 (full 3):
 PSYoungGen      total 185344K, used 178088K [0x00000000e0000000, 0x00000000ece00000, 0x0000000100000000)
  eden space 170496K, 100% used [0x00000000e0000000,0x00000000ea680000,0x00000000ea680000)
  from space 14848K, 51% used [0x00000000ea680000,0x00000000eadea070,0x00000000eb500000)
  to   space 14336K, 0% used [0x00000000ec000000,0x00000000ec000000,0x00000000ece00000)
 ParOldGen       total 110592K, used 30196K [0x00000000a0000000, 0x00000000a6c00000, 0x00000000e0000000)
  object space 110592K, 27% used [0x00000000a0000000,0x00000000a1d7d190,0x00000000a6c00000)
 Metaspace       used 68146K, capacity 70444K, committed 70784K, reserved 1110016K
  class space    used 8947K, capacity 9526K, committed 9600K, reserved 1048576K
Event: 4122.050 GC heap after
Heap after GC invocations=19 (full 3):
 PSYoungGen      total 176640K, used 11773K [0x00000000e0000000, 0x00000000ecb80000, 0x0000000100000000)
  eden space 164864K, 0% used [0x00000000e0000000,0x00000000e0000000,0x00000000ea100000)
  from space 11776K, 99% used [0x00000000ec000000,0x00000000ecb7f790,0x00000000ecb80000)
  to   space 14848K, 0% used [0x00000000eae80000,0x00000000eae80000,0x00000000ebd00000)
 ParOldGen       total 110592K, used 30204K [0x00000000a0000000, 0x00000000a6c00000, 0x00000000e0000000)
  object space 110592K, 27% used [0x00000000a0000000,0x00000000a1d7f190,0x00000000a6c00000)
 Metaspace       used 68146K, capacity 70444K, committed 70784K, reserved 1110016K
  class space    used 8947K, capacity 9526K, committed 9600K, reserved 1048576K
}
Event: 4206.890 GC heap before
{Heap before GC invocations=20 (full 3):
 PSYoungGen      total 176640K, used 176637K [0x00000000e0000000, 0x00000000ecb80000, 0x0000000100000000)
  eden space 164864K, 100% used [0x00000000e0000000,0x00000000ea100000,0x00000000ea100000)
  from space 11776K, 99% used [0x00000000ec000000,0x00000000ecb7f790,0x00000000ecb80000)
  to   space 14848K, 0% used [0x00000000eae80000,0x00000000eae80000,0x00000000ebd00000)
 ParOldGen       total 110592K, used 30204K [0x00000000a0000000, 0x00000000a6c00000, 0x00000000e0000000)
  object space 110592K, 27% used [0x00000000a0000000,0x00000000a1d7f190,0x00000000a6c00000)
 Metaspace       used 74773K, capacity 77184K, committed 77440K, reserved 1116160K
  class space    used 9675K, capacity 10278K, committed 10368K, reserved 1048576K
Event: 4206.931 GC heap after
Heap after GC invocations=20 (full 3):
 PSYoungGen      total 174080K, used 14827K [0x00000000e0000000, 0x00000000ec080000, 0x0000000100000000)
  eden space 159232K, 0% used [0x00000000e0000000,0x00000000e0000000,0x00000000e9b80000)
  from space 14848K, 99% used [0x00000000eae80000,0x00000000ebcfae98,0x00000000ebd00000)
  to   space 3584K, 0% used [0x00000000ebd00000,0x00000000ebd00000,0x00000000ec080000)
 ParOldGen       total 110592K, used 31325K [0x00000000a0000000, 0x00000000a6c00000, 0x00000000e0000000)
  object space 110592K, 28% used [0x00000000a0000000,0x00000000a1e97538,0x00000000a6c00000)
 Metaspace       used 74773K, capacity 77184K, committed 77440K, reserved 1116160K
  class space    used 9675K, capacity 10278K, committed 10368K, reserved 1048576K
}
Event: 4208.005 GC heap before
{Heap before GC invocations=21 (full 3):
 PSYoungGen      total 174080K, used 173107K [0x00000000e0000000, 0x00000000ec080000, 0x0000000100000000)
  eden space 159232K, 99% used [0x00000000e0000000,0x00000000e9a91f50,0x00000000e9b80000)
  from space 14848K, 99% used [0x00000000eae80000,0x00000000ebcfae98,0x00000000ebd00000)
  to   space 3584K, 0% used [0x00000000ebd00000,0x00000000ebd00000,0x00000000ec080000)
 ParOldGen       total 110592K, used 31325K [0x00000000a0000000, 0x00000000a6c00000, 0x00000000e0000000)
  object space 110592K, 28% used [0x00000000a0000000,0x00000000a1e97538,0x00000000a6c00000)
 Metaspace       used 75774K, capacity 78308K, committed 78592K, reserved 1118208K
  class space    used 9820K, capacity 10438K, committed 10496K, reserved 1048576K
Event: 4208.035 GC heap after
Heap after GC invocations=21 (full 3):
 PSYoungGen      total 162816K, used 3552K [0x00000000e0000000, 0x00000000ec080000, 0x0000000100000000)
  eden space 159232K, 0% used [0x00000000e0000000,0x00000000e0000000,0x00000000e9b80000)
  from space 3584K, 99% used [0x00000000ebd00000,0x00000000ec078010,0x00000000ec080000)
  to   space 14848K, 0% used [0x00000000eae80000,0x00000000eae80000,0x00000000ebd00000)
 ParOldGen       total 110592K, used 41013K [0x00000000a0000000, 0x00000000a6c00000, 0x00000000e0000000)
  object space 110592K, 37% used [0x00000000a0000000,0x00000000a280d438,0x00000000a6c00000)
 Metaspace       used 75774K, capacity 78308K, committed 78592K, reserved 1118208K
  class space    used 9820K, capacity 10438K, committed 10496K, reserved 1048576K
}

Deoptimization events (10 events):
Event: 4206.635 Thread 0x000000001960b800 Uncommon trap: reason=unstable_if action=reinterpret pc=0x000000000496e51c method=com.sun.tools.javac.code.Symbol.getRawTypeAttributes()Lcom/sun/tools/javac/util/List; @ 4
Event: 4207.165 Thread 0x000000001960e800 Uncommon trap: reason=class_check action=maybe_recompile pc=0x00000000042c6da4 method=com.google.common.collect.ImmutableMap.copyOf(Ljava/util/Map;)Lcom/google/common/collect/ImmutableMap; @ 49
Event: 4207.203 Thread 0x000000001960e800 Uncommon trap: reason=class_check action=maybe_recompile pc=0x00000000042c6da4 method=com.google.common.collect.ImmutableMap.copyOf(Ljava/util/Map;)Lcom/google/common/collect/ImmutableMap; @ 49
Event: 4207.204 Thread 0x000000001960e800 Uncommon trap: reason=class_check action=maybe_recompile pc=0x00000000042c6da4 method=com.google.common.collect.ImmutableMap.copyOf(Ljava/util/Map;)Lcom/google/common/collect/ImmutableMap; @ 49
Event: 4207.315 Thread 0x000000001960e800 Uncommon trap: reason=unstable_if action=reinterpret pc=0x0000000003551068 method=sun.nio.fs.WindowsPathParser.nextNonSlash(Ljava/lang/String;II)I @ 2
Event: 4207.421 Thread 0x000000001960e800 Uncommon trap: reason=class_check action=maybe_recompile pc=0x00000000042c6da4 method=com.google.common.collect.ImmutableMap.copyOf(Ljava/util/Map;)Lcom/google/common/collect/ImmutableMap; @ 49
Event: 4207.491 Thread 0x000000001960e800 Uncommon trap: reason=bimorphic action=maybe_recompile pc=0x00000000042e71ac method=com.google.common.collect.TransformedIterator.next()Ljava/lang/Object; @ 5
Event: 4207.491 Thread 0x000000001960e800 Uncommon trap: reason=bimorphic action=maybe_recompile pc=0x00000000042e71ac method=com.google.common.collect.TransformedIterator.next()Ljava/lang/Object; @ 5
Event: 4207.742 Thread 0x000000001960e800 Uncommon trap: reason=class_check action=maybe_recompile pc=0x0000000004a8d7a0 method=com.android.tools.build.apkzlib.zip.ZipField.checkVerifiesInvariants(J)V @ 25
Event: 4208.061 Thread 0x000000001960e800 Uncommon trap: reason=class_check action=maybe_recompile pc=0x0000000004a7d8d4 method=com.android.tools.build.apkzlib.zip.ZipField.checkVerifiesInvariants(J)V @ 25

Classes redefined (0 events):
No events

Internal exceptions (10 events):
Event: 4166.744 Thread 0x000000001a8fb000 Exception <a 'java/lang/NoSuchMethodError': <clinit>> (0x00000000e0f46468) thrown at [D:\src\AOSP-openjdk-cygwin\jdk8u\hotspot\src\share\vm\prims\jni.cpp, line 1613]
Event: 4166.759 Thread 0x000000001a8fb000 Exception <a 'java/lang/NoSuchMethodError': <clinit>> (0x00000000e0f702d0) thrown at [D:\src\AOSP-openjdk-cygwin\jdk8u\hotspot\src\share\vm\prims\jni.cpp, line 1613]
Event: 4194.472 Thread 0x000000001960b800 Exception <a 'sun/nio/fs/WindowsException'> (0x00000000e19384d8) thrown at [D:\src\AOSP-openjdk-cygwin\jdk8u\hotspot\src\share\vm\prims\jni.cpp, line 709]
Event: 4197.969 Thread 0x000000001960b800 Exception <a 'java/lang/NoSuchMethodError': java.lang.Object.lambda$comparingInt$7b0bb60$1(Ljava/util/function/ToIntFunction;Ljava/lang/Object;Ljava/lang/Object;)I> (0x00000000e3848a40) thrown at [D:\src\AOSP-openjdk-cygwin\jdk8u\hotspot\src\share\vm\inte
Event: 4204.581 Thread 0x000000001960b800 Implicit null exception at 0x0000000003c327af to 0x0000000003c32dc5
Event: 4207.149 Thread 0x000000001960e800 Exception <a 'sun/nio/fs/WindowsException'> (0x00000000e0354a50) thrown at [D:\src\AOSP-openjdk-cygwin\jdk8u\hotspot\src\share\vm\prims\jni.cpp, line 709]
Event: 4207.150 Thread 0x000000001960e800 Exception <a 'sun/nio/fs/WindowsException'> (0x00000000e0354f60) thrown at [D:\src\AOSP-openjdk-cygwin\jdk8u\hotspot\src\share\vm\prims\jni.cpp, line 709]
Event: 4207.274 Thread 0x000000001960e800 Exception <a 'java/lang/NoSuchMethodError': java.lang.Object.newSystemTemporaryDirectory()Lcom/android/tools/build/apkzlib/bytestorage/TemporaryDirectory;> (0x00000000e04090d8) thrown at [D:\src\AOSP-openjdk-cygwin\jdk8u\hotspot\src\share\vm\interpreter\l
Event: 4207.705 Thread 0x000000001960e800 Exception <a 'java/lang/NoSuchMethodError': java.lang.Object.lambda$comparing$ea9a8b3a$1(Ljava/util/Comparator;Ljava/util/function/Function;Ljava/lang/Object;Ljava/lang/Object;)I> (0x00000000e0a93b88) thrown at [D:\src\AOSP-openjdk-cygwin\jdk8u\hotspot\sr
Event: 4208.295 Thread 0x000000001960e800 Exception <a 'java/io/FileNotFoundException'> (0x00000000e917f240) thrown at [D:\src\AOSP-openjdk-cygwin\jdk8u\hotspot\src\share\vm\prims\jni.cpp, line 709]

Events (10 events):
Event: 4208.426 loading class com/google/wireless/android/sdk/stats/GradleBuildProjectMetrics$Builder
Event: 4208.426 loading class com/google/wireless/android/sdk/stats/GradleBuildProjectMetrics$Builder done
Event: 4208.439 loading class com/android/build/gradle/internal/scope/BuildElements$ExecutorBasedScheduler$transform$2
Event: 4208.439 loading class com/android/build/gradle/internal/scope/BuildElements$ExecutorBasedScheduler$transform$2 done
Event: 4208.441 loading class kotlin/sequences/SequencesKt___SequencesKt$onEach$1
Event: 4208.441 loading class kotlin/sequences/SequencesKt___SequencesKt$onEach$1 done
Event: 4208.442 loading class com/android/build/gradle/internal/scope/BuildElements$ExecutorBasedScheduler$transform$3
Event: 4208.442 loading class com/android/build/gradle/internal/scope/BuildElements$ExecutorBasedScheduler$transform$3 done
Event: 4208.443 loading class com/android/build/gradle/internal/scope/BuildElements$ExecutorBasedScheduler$transform$4
Event: 4208.443 loading class com/android/build/gradle/internal/scope/BuildElements$ExecutorBasedScheduler$transform$4 done


Dynamic libraries:
0x00007ff692830000 - 0x00007ff692861000 	C:\Program Files\Android\Android Studio1\jre\bin\java.exe
0x00007ffc6fc00000 - 0x00007ffc6fde1000 	C:\WINDOWS\SYSTEM32\ntdll.dll
0x00007ffc6ee10000 - 0x00007ffc6eec2000 	C:\WINDOWS\System32\KERNEL32.DLL
0x00007ffc6cbf0000 - 0x00007ffc6ce63000 	C:\WINDOWS\System32\KERNELBASE.dll
0x00007ffc6f5d0000 - 0x00007ffc6f671000 	C:\WINDOWS\System32\ADVAPI32.dll
0x00007ffc6d5a0000 - 0x00007ffc6d63e000 	C:\WINDOWS\System32\msvcrt.dll
0x00007ffc6d540000 - 0x00007ffc6d59b000 	C:\WINDOWS\System32\sechost.dll
0x00007ffc6d090000 - 0x00007ffc6d1b4000 	C:\WINDOWS\System32\RPCRT4.dll
0x00007ffc6d320000 - 0x00007ffc6d4b0000 	C:\WINDOWS\System32\USER32.dll
0x00007ffc6cec0000 - 0x00007ffc6cee0000 	C:\WINDOWS\System32\win32u.dll
0x00007ffc6f590000 - 0x00007ffc6f5b8000 	C:\WINDOWS\System32\GDI32.dll
0x00007ffc6c150000 - 0x00007ffc6c2e2000 	C:\WINDOWS\System32\gdi32full.dll
0x00007ffc6cf90000 - 0x00007ffc6d02f000 	C:\WINDOWS\System32\msvcp_win.dll
0x00007ffc6bfd0000 - 0x00007ffc6c0ca000 	C:\WINDOWS\System32\ucrtbase.dll
0x00007ffc55030000 - 0x00007ffc55299000 	C:\WINDOWS\WinSxS\amd64_microsoft.windows.common-controls_6595b64144ccf1df_6.0.17134.523_none_fb409dd930672a56\COMCTL32.dll
0x00007ffc6f050000 - 0x00007ffc6f372000 	C:\WINDOWS\System32\combase.dll
0x00007ffc6c0d0000 - 0x00007ffc6c14a000 	C:\WINDOWS\System32\bcryptPrimitives.dll
0x00007ffc6d510000 - 0x00007ffc6d53d000 	C:\WINDOWS\System32\IMM32.DLL
0x00000000534d0000 - 0x00000000535a2000 	C:\Program Files\Android\Android Studio1\jre\jre\bin\msvcr100.dll
0x0000000053690000 - 0x0000000053ed1000 	C:\Program Files\Android\Android Studio1\jre\jre\bin\server\jvm.dll
0x00007ffc6f380000 - 0x00007ffc6f388000 	C:\WINDOWS\System32\PSAPI.DLL
0x00007ffc69cb0000 - 0x00007ffc69cd3000 	C:\WINDOWS\SYSTEM32\WINMM.dll
0x00007ffc69c80000 - 0x00007ffc69caa000 	C:\WINDOWS\SYSTEM32\WINMMBASE.dll
0x00007ffc679a0000 - 0x00007ffc679a9000 	C:\WINDOWS\SYSTEM32\WSOCK32.dll
0x00007ffc6eda0000 - 0x00007ffc6ee0c000 	C:\WINDOWS\System32\WS2_32.dll
0x00007ffc6ce70000 - 0x00007ffc6ceb9000 	C:\WINDOWS\System32\cfgmgr32.dll
0x00007ffc670c0000 - 0x00007ffc670ca000 	C:\WINDOWS\SYSTEM32\VERSION.dll
0x00007ffc67990000 - 0x00007ffc6799f000 	C:\Program Files\Android\Android Studio1\jre\jre\bin\verify.dll
0x00007ffc5b5f0000 - 0x00007ffc5b619000 	C:\Program Files\Android\Android Studio1\jre\jre\bin\java.dll
0x00007ffc5ebd0000 - 0x00007ffc5ebe6000 	C:\Program Files\Android\Android Studio1\jre\jre\bin\zip.dll
0x00007ffc6d6e0000 - 0x00007ffc6eb20000 	C:\WINDOWS\System32\SHELL32.dll
0x00007ffc6efa0000 - 0x00007ffc6f049000 	C:\WINDOWS\System32\shcore.dll
0x00007ffc6c2f0000 - 0x00007ffc6c9fd000 	C:\WINDOWS\System32\windows.storage.dll
0x00007ffc6eb20000 - 0x00007ffc6eb71000 	C:\WINDOWS\System32\shlwapi.dll
0x00007ffc6bf20000 - 0x00007ffc6bf31000 	C:\WINDOWS\System32\kernel.appcore.dll
0x00007ffc6bf40000 - 0x00007ffc6bf5f000 	C:\WINDOWS\System32\profapi.dll
0x00007ffc6bf60000 - 0x00007ffc6bfac000 	C:\WINDOWS\System32\powrprof.dll
0x00007ffc6bf10000 - 0x00007ffc6bf1a000 	C:\WINDOWS\System32\FLTLIB.DLL
0x00007ffc5b700000 - 0x00007ffc5b71a000 	C:\Program Files\Android\Android Studio1\jre\jre\bin\net.dll
0x00007ffc6b790000 - 0x00007ffc6b7f6000 	C:\WINDOWS\system32\mswsock.dll
0x00007ffc57710000 - 0x00007ffc57721000 	C:\Program Files\Android\Android Studio1\jre\jre\bin\nio.dll
0x00007ffc5b680000 - 0x00007ffc5b69e000 	C:\Users\Lenovo\.gradle\native\25\windows-amd64\native-platform.dll
0x00007ffc67980000 - 0x00007ffc6798d000 	C:\Program Files\Android\Android Studio1\jre\jre\bin\management.dll
0x00007ffc6b940000 - 0x00007ffc6b957000 	C:\WINDOWS\SYSTEM32\CRYPTSP.dll
0x00007ffc6b370000 - 0x00007ffc6b3a3000 	C:\WINDOWS\system32\rsaenh.dll
0x00007ffc6ba70000 - 0x00007ffc6ba95000 	C:\WINDOWS\SYSTEM32\bcrypt.dll
0x00007ffc6be10000 - 0x00007ffc6be38000 	C:\WINDOWS\SYSTEM32\USERENV.dll
0x00007ffc6b960000 - 0x00007ffc6b96b000 	C:\WINDOWS\SYSTEM32\CRYPTBASE.dll
0x00007ffc6b510000 - 0x00007ffc6b548000 	C:\WINDOWS\SYSTEM32\IPHLPAPI.DLL
0x00007ffc6f5c0000 - 0x00007ffc6f5c8000 	C:\WINDOWS\System32\NSI.dll
0x00007ffc613e0000 - 0x00007ffc613f6000 	C:\WINDOWS\SYSTEM32\dhcpcsvc6.DLL
0x00007ffc61490000 - 0x00007ffc614aa000 	C:\WINDOWS\SYSTEM32\dhcpcsvc.DLL

VM Arguments:
jvm_args: -Xmx1536m -Dfile.encoding=windows-1251 -Duser.country=RU -Duser.language=ru -Duser.variant 
java_command: org.gradle.launcher.daemon.bootstrap.GradleDaemon 4.10.1
java_class_path (initial): C:\Users\Lenovo\.gradle\wrapper\dists\gradle-4.10.1-all\455itskqi2qtf0v2sja68alqd\gradle-4.10.1\lib\gradle-launcher-4.10.1.jar
Launcher Type: SUN_STANDARD

Environment Variables:
PATH=C:\Program Files (x86)\Common Files\Oracle\Java\javapath;C:\Program Files (x86)\Intel\Intel(R) Management Engine Components\iCLS\;C:\Program Files\Intel\Intel(R) Management Engine Components\iCLS\;C:\Windows\system32;C:\Windows;C:\Windows\System32\Wbem;C:\Windows\System32\WindowsPowerShell\v1.0\;C:\Program Files (x86)\NVIDIA Corporation\PhysX\Common;C:\WINDOWS\system32;C:\WINDOWS;C:\WINDOWS\System32\Wbem;C:\WINDOWS\System32\WindowsPowerShell\v1.0\;C:\WINDOWS\System32\OpenSSH\;C:\Program Files (x86)\Intel\Intel(R) Management Engine Components\DAL;C:\Program Files\Intel\Intel(R) Management Engine Components\DAL;C:\Program Files (x86)\Intel\Intel(R) Management Engine Components\IPT;C:\Program Files\Intel\Intel(R) Management Engine Components\IPT;C:\Program Files\dotnet\;C:\Program Files\Microsoft SQL Server\130\Tools\Binn\;c:\Program Files (x86)\Microsoft SQL Server\100\Tools\Binn\;c:\Program Files\Microsoft SQL Server\100\Tools\Binn\;c:\Program Files\Microsoft SQL Server\100\DTS\Binn\;c:\altera\91sp2\quartus\bin;C:\Program Files\Microsoft\Web Platform Installer\;C:\Program Files (x86)\Microsoft ASP.NET\ASP.NET Web Pages\v1.0\;C:\Program Files\Microsoft SQL Server\110\Tools\Binn\;C:\Program Files\Git\cmd;C:\Program Files\nodejs\;C:\Users\Lenovo\AppData\Local\Microsoft\WindowsApps;C:\Users\Lenovo\AppData\Roaming\npm
USERNAME=Lenovo
OS=Windows_NT
PROCESSOR_IDENTIFIER=Intel64 Family 6 Model 142 Stepping 9, GenuineIntel



---------------  S Y S T E M  ---------------

OS: Windows 10.0 , 64 bit Build 17134 (10.0.17134.1)

CPU:total 4 (initial active 4) (2 cores per cpu, 2 threads per core) family 6 model 142 stepping 9, cmov, cx8, fxsr, mmx, sse, sse2, sse3, ssse3, sse4.1, sse4.2, popcnt, avx, avx2, aes, clmul, erms, 3dnowpref, lzcnt, ht, tsc, tscinvbit, bmi1, bmi2, adx

Memory: 4k page, physical 6163172k(775392k free), swap 8260324k(996k free)

vm_info: OpenJDK 64-Bit Server VM (25.152-b01) for windows-amd64 JRE (1.8.0_152-release-1248-b01), built by "builder" with MS VC++ 10.0 (VS2010)

time: Mon Feb 04 02:12:25 2019
elapsed time: 4209 seconds (0d 1h 10m 9s)

