JvmtiExport can_access_local_variables 0
JvmtiExport can_hotswap_or_post_breakpoint 0
JvmtiExport can_post_on_exceptions 0
# 193 ciObject found
ciMethod java/lang/Object getClass ()Ljava/lang/Class; 2049 1 256 0 -1
ciMethod java/lang/Class isAssignableFrom (Ljava/lang/Class;)Z 3081 1 385 0 -1
ciMethod java/lang/Class isArray ()Z 2049 1 256 0 -1
ciMethod java/lang/System arraycopy (Ljava/lang/Object;ILjava/lang/Object;II)V 5121 1 640 0 -1
ciMethod java/lang/System identityHashCode (Ljava/lang/Object;)I 2049 1 256 0 -1
ciMethod java/lang/ref/Reference get ()Ljava/lang/Object; 2049 1 256 0 -1
ciMethod java/lang/ref/SoftReference <init> (Ljava/lang/Object;)V 1689 1 6147 0 -1
ciMethod java/lang/Thread currentThread ()Ljava/lang/Thread; 2049 1 256 0 -1
ciMethod java/lang/Math min (II)I 3225 1 116300 0 -1
ciMethod java/io/OutputStream write ([BII)V 57 1129 7 0 -1
ciMethod java/util/concurrent/ConcurrentMap putIfAbsent (Ljava/lang/Object;Ljava/lang/Object;)Ljava/lang/Object; 0 0 1 0 -1
ciMethod java/util/concurrent/ConcurrentMap remove (Ljava/lang/Object;Ljava/lang/Object;)Z 0 0 1 0 -1
ciMethod java/util/concurrent/ConcurrentMap get (Ljava/lang/Object;)Ljava/lang/Object; 0 0 1 0 -1
ciMethod java/util/concurrent/ConcurrentMap put (Ljava/lang/Object;Ljava/lang/Object;)Ljava/lang/Object; 0 0 1 0 -1
ciMethod java/io/DataOutputStream writeInt (I)V 2345 1 2894 0 -1
ciMethod org/gradle/internal/serialize/Encoder writeBytes ([BII)V 0 0 1 0 -1
ciMethod org/gradle/internal/serialize/AbstractEncoder$EncoderStream write ([BII)V 2169 1 5395 0 448
ciMethod org/gradle/internal/serialize/kryo/KryoBackedEncoder writeBytes ([BII)V 2169 1 5397 0 384
ciMethod com/esotericsoftware/kryo/io/Output require (I)Z 769 1 5220 0 -1
ciMethod com/esotericsoftware/kryo/io/Output writeBytes ([BII)V 2169 1 5397 0 320
ciMethod java/io/Bits putInt ([BII)V 2049 1 1286 0 192
ciMethod java/io/ObjectStreamClass lookup (Ljava/lang/Class;Z)Ljava/io/ObjectStreamClass; 2065 1 4755 0 -1
ciMethod java/io/ObjectStreamClass <init> (Ljava/lang/Class;)V 401 729 55 0 -1
ciMethod java/io/ObjectStreamClass requireInitialized ()V 2057 1 34669 0 0
ciMethod java/io/ObjectStreamClass hasWriteReplaceMethod ()Z 1825 1 4648 0 0
ciMethod java/io/ObjectStreamClass invokeWriteReplace (Ljava/lang/Object;)Ljava/lang/Object; 0 0 1 0 -1
ciMethod java/io/ObjectStreamClass processQueue (Ljava/lang/ref/ReferenceQueue;Ljava/util/concurrent/ConcurrentMap;)V 2545 1 4819 0 -1
ciMethod java/io/ObjectStreamClass$Caches access$200 ()Ljava/lang/ref/ReferenceQueue; 3137 1 9444 0 -1
ciMethod java/io/ObjectStreamClass$WeakClassKey <init> (Ljava/lang/Class;Ljava/lang/ref/ReferenceQueue;)V 1809 1 4722 0 -1
ciMethod java/io/ObjectStreamClass$EntryFuture set (Ljava/lang/Object;)Z 641 1 88 0 -1
ciMethod java/io/ObjectStreamClass$EntryFuture get ()Ljava/lang/Object; 0 0 1 0 -1
ciMethod java/io/ObjectStreamClass$EntryFuture getOwner ()Ljava/lang/Thread; 0 0 1 0 -1
ciMethod java/io/ObjectStreamClass$EntryFuture <init> (Ljava/io/ObjectStreamClass$1;)V 641 1 88 0 -1
ciMethod java/io/ObjectOutputStream replaceObject (Ljava/lang/Object;)Ljava/lang/Object; 0 0 1 0 -1
ciMethod java/io/ObjectOutputStream writeObject0 (Ljava/lang/Object;Z)V 2097 1 5382 0 -1
ciMethod java/io/ObjectOutputStream writeNull ()V 1057 1 2341 0 -1
ciMethod java/io/ObjectOutputStream writeHandle (I)V 1305 1 3082 0 0
ciMethod java/io/ObjectOutputStream writeClass (Ljava/lang/Class;Z)V 0 0 1 0 -1
ciMethod java/io/ObjectOutputStream writeClassDesc (Ljava/io/ObjectStreamClass;Z)V 2969 1 6678 0 -1
ciMethod java/io/ObjectOutputStream writeString (Ljava/lang/String;Z)V 1561 1 3528 0 -1
ciMethod java/io/ObjectOutputStream writeArray (Ljava/lang/Object;Ljava/io/ObjectStreamClass;Z)V 0 0 1 0 -1
ciMethod java/io/ObjectOutputStream writeEnum (Ljava/lang/Enum;Ljava/io/ObjectStreamClass;Z)V 0 0 1 0 -1
ciMethod java/io/ObjectOutputStream writeOrdinaryObject (Ljava/lang/Object;Ljava/io/ObjectStreamClass;Z)V 1377 1 3460 0 -1
ciMethodData java/io/ObjectStreamClass requireInitialized ()V 2 34669 orig 264 56 173 195 83 0 0 0 0 152 38 148 25 0 0 0 0 80 1 0 0 0 0 0 0 0 0 0 0 0 0 0 0 0 0 0 0 0 0 0 0 0 0 0 0 0 0 0 0 0 0 0 0 0 0 0 0 0 0 0 0 0 0 0 0 0 0 0 0 0 0 0 0 0 0 0 0 0 0 0 0 77 68 79 32 101 120 116 114 97 32 100 97 116 97 32 108 111 99 107 0 0 0 0 0 0 0 0 0 0 0 0 0 0 0 0 0 0 0 0 0 0 0 0 0 0 0 0 0 0 0 0 0 0 0 0 0 0 0 0 0 0 0 0 0 0 0 0 0 0 0 0 0 0 0 0 0 0 0 0 0 0 0 0 0 0 0 0 0 0 0 0 0 0 0 0 0 0 0 0 0 0 0 0 0 25 0 0 0 0 0 0 0 0 0 0 0 0 0 0 0 1 0 0 0 0 0 0 0 0 0 0 0 0 0 0 0 1 1 0 0 97 51 4 0 1 0 0 0 0 0 0 0 0 0 0 0 2 0 0 0 0 0 5 0 2 0 0 0 48 0 0 0 255 255 255 255 7 0 4 0 0 0 0 0 data 6 0x40007 0x866c 0x30 0x0 0xd0002 0x0 oops 0
ciMethodData java/io/ObjectOutputStream$BlockDataOutputStream writeByte (I)V 2 17148 orig 264 56 173 195 83 0 0 0 0 96 79 110 31 0 0 0 0 160 1 0 0 0 0 0 0 0 0 0 0 0 0 0 0 0 0 0 0 0 0 0 0 0 0 0 0 0 0 0 0 0 0 0 0 0 0 0 0 0 0 0 0 0 0 0 0 0 0 0 0 0 0 0 0 0 0 0 0 0 0 0 0 77 68 79 32 101 120 116 114 97 32 100 97 116 97 32 108 111 99 107 0 0 0 0 0 0 0 0 0 0 0 0 0 0 0 0 0 0 0 0 0 0 0 0 0 0 0 0 0 0 0 0 0 0 0 0 0 0 0 0 0 0 0 0 0 0 0 0 0 0 0 0 0 0 0 0 0 0 0 0 0 0 0 0 0 0 0 0 0 0 0 0 0 0 0 0 0 0 0 0 0 0 0 0 0 0 0 0 0 0 0 0 0 0 0 0 0 0 0 0 0 0 0 0 0 0 0 0 0 0 0 0 0 0 0 0 0 3 1 0 0 201 15 2 0 1 0 0 0 0 0 0 0 0 0 0 0 2 0 0 0 0 0 6 0 2 0 0 0 80 0 0 0 255 255 255 255 7 0 7 0 0 0 0 0 data 10 0x70007 0x41f9 0x50 0x0 0xb0005 0x0 0x0 0x0 0x0 0x0 oops 0
ciMethodData java/io/ObjectOutputStream$BlockDataOutputStream drain ()V 2 6346 orig 264 56 173 195 83 0 0 0 0 16 77 110 31 0 0 0 0 200 1 0 0 64 0 0 0 0 0 0 0 0 0 0 0 0 0 0 0 0 0 0 0 0 0 0 0 0 0 0 0 0 0 0 0 0 0 0 0 0 0 0 0 0 0 0 0 0 0 0 0 0 0 0 0 0 0 0 0 0 0 0 0 77 68 79 32 101 120 116 114 97 32 100 97 116 97 32 108 111 99 107 0 0 0 0 0 0 0 0 0 0 0 0 0 0 0 0 0 0 0 0 0 0 0 0 0 0 0 0 0 0 0 0 0 0 0 0 0 0 0 0 0 0 0 0 0 0 0 0 0 0 0 0 0 0 0 0 0 0 0 0 0 0 0 0 0 0 0 0 0 0 0 0 0 0 0 0 0 0 0 0 0 0 0 0 0 0 0 0 0 0 0 0 0 0 0 0 0 0 0 0 0 0 0 0 0 0 0 0 0 0 0 0 0 0 0 0 0 132 0 0 0 41 194 0 0 1 0 0 0 0 0 0 0 0 0 0 0 2 0 0 0 0 0 8 0 2 0 0 0 128 0 0 0 255 255 255 255 7 0 4 0 0 0 0 0 data 16 0x40007 0xcfa 0x20 0xb4b 0xc0007 0xcfa 0x30 0x0 0x140002 0x0 0x240005 0x0 0x182e6280 0xcfa 0x0 0x0 oops 1